  Assembling Proyect4.asm...
Proyect4.asm(14): error A2008: syntax error : .
Proyect4.asm(15): error A2008: syntax error : .
Proyect4.asm(16): error A2008: syntax error : .
Proyect4.asm(23): error A2008: syntax error : .
Proyect4.asm(144): error A2008: syntax error : invoke
Proyect4.asm(145): error A2008: syntax error : invoke
Proyect4.asm(146): error A2008: syntax error : invoke
Proyect4.asm(147): error A2008: syntax error : invoke
Proyect4.asm(148): error A2008: syntax error : invoke
Proyect4.asm(149): error A2008: syntax error : invoke
Proyect4.asm(150): error A2008: syntax error : invoke
Proyect4.asm(151): error A2008: syntax error : invoke
Proyect4.asm(152): error A2008: syntax error : invoke
Proyect4.asm(153): error A2008: syntax error : invoke
Proyect4.asm(154): error A2008: syntax error : invoke
Proyect4.asm(155): error A2008: syntax error : invoke
Proyect4.asm(156): error A2008: syntax error : invoke
Proyect4.asm(157): error A2008: syntax error : invoke
Proyect4.asm(158): error A2008: syntax error : invoke
Proyect4.asm(159): error A2008: syntax error : invoke
Proyect4.asm(160): error A2008: syntax error : invoke
Proyect4.asm(161): error A2008: syntax error : invoke
Proyect4.asm(162): error A2008: syntax error : invoke
Proyect4.asm(163): error A2008: syntax error : invoke
Proyect4.asm(164): error A2008: syntax error : invoke
Proyect4.asm(165): error A2008: syntax error : invoke
Proyect4.asm(166): error A2008: syntax error : invoke
Proyect4.asm(167): error A2008: syntax error : invoke
Proyect4.asm(168): error A2008: syntax error : invoke
Proyect4.asm(169): error A2008: syntax error : invoke
Proyect4.asm(170): error A2008: syntax error : invoke
Proyect4.asm(171): error A2008: syntax error : invoke
Proyect4.asm(172): error A2008: syntax error : invoke
Proyect4.asm(173): error A2008: syntax error : invoke
Proyect4.asm(174): error A2008: syntax error : invoke
Proyect4.asm(175): error A2008: syntax error : invoke
Proyect4.asm(176): error A2008: syntax error : invoke
Proyect4.asm(177): error A2008: syntax error : invoke
Proyect4.asm(178): error A2008: syntax error : invoke
Proyect4.asm(179): error A2008: syntax error : invoke
Proyect4.asm(180): error A2008: syntax error : invoke
Proyect4.asm(181): error A2008: syntax error : invoke
Proyect4.asm(182): error A2008: syntax error : invoke
Proyect4.asm(183): error A2008: syntax error : invoke
Proyect4.asm(184): error A2008: syntax error : invoke
Proyect4.asm(185): error A2008: syntax error : invoke
Proyect4.asm(186): error A2008: syntax error : invoke
Proyect4.asm(191): error A2008: syntax error : IF
Proyect4.asm(195): error A2008: syntax error : IF
Proyect4.asm(197): error A2008: syntax error : .
Proyect4.asm(200): error A2008: syntax error : ELSEIF
Proyect4.asm(202): error A2008: syntax error : invoke
Proyect4.asm(203): error A2008: syntax error : invoke
Proyect4.asm(204): error A2008: syntax error : invoke
Proyect4.asm(205): error A2008: syntax error : invoke
Proyect4.asm(206): error A2008: syntax error : invoke
Proyect4.asm(207): error A2008: syntax error : invoke
Proyect4.asm(208): error A2008: syntax error : invoke
Proyect4.asm(209): error A2008: syntax error : invoke
Proyect4.asm(210): error A2008: syntax error : invoke
Proyect4.asm(211): error A2008: syntax error : invoke
Proyect4.asm(212): error A2008: syntax error : invoke
Proyect4.asm(213): error A2008: syntax error : invoke
Proyect4.asm(219): error A2008: syntax error : ELSEIF
Proyect4.asm(221): error A2008: syntax error : invoke
Proyect4.asm(222): error A2008: syntax error : invoke
Proyect4.asm(223): error A2008: syntax error : invoke
Proyect4.asm(225): error A2008: syntax error : .
Proyect4.asm(226): error A2008: syntax error : invoke
Proyect4.asm(227): error A2008: syntax error : invoke
Proyect4.asm(228): error A2008: syntax error : invoke
Proyect4.asm(229): error A2008: syntax error : invoke
Proyect4.asm(232): error A2008: syntax error : .
Proyect4.asm(254): error A2008: syntax error : invoke
Proyect4.asm(255): error A2008: syntax error : invoke
Proyect4.asm(256): error A2008: syntax error : invoke
Proyect4.asm(257): error A2008: syntax error : invoke
Proyect4.asm(258): error A2008: syntax error : invoke
Proyect4.asm(259): error A2008: syntax error : invoke
Proyect4.asm(260): error A2008: syntax error : invoke
Proyect4.asm(261): error A2008: syntax error : invoke
Proyect4.asm(262): error A2008: syntax error : invoke
Proyect4.asm(263): error A2008: syntax error : invoke
Proyect4.asm(271): error A2008: syntax error : invoke
Proyect4.asm(272): error A2008: syntax error : invoke
Proyect4.asm(273): error A2008: syntax error : invoke
Proyect4.asm(274): error A2008: syntax error : invoke
Proyect4.asm(275): error A2008: syntax error : invoke
Proyect4.asm(276): error A2008: syntax error : invoke
Proyect4.asm(277): error A2008: syntax error : invoke
Proyect4.asm(278): error A2008: syntax error : invoke
Proyect4.asm(279): error A2008: syntax error : invoke
Proyect4.asm(280): error A2008: syntax error : invoke
Proyect4.asm(289): error A2070: invalid instruction operands
Proyect4.asm(294): error A2070: invalid instruction operands
Proyect4.asm(295): error A2070: invalid instruction operands
Proyect4.asm(310): error A2008: syntax error : invoke
Proyect4.asm(322): error A2008: syntax error : invoke
Proyect4.asm(323): error A2008: syntax error : invoke
Proyect4.asm(324): error A2008: syntax error : invoke
Proyect4.asm(332): fatal error A1012: error count exceeds 100; stopping assembly
C:\Program Files\Microsoft Visual Studio\2022\Community\MSBuild\Microsoft\VC\v170\BuildCustomizations\masm.targets(70,5): error MSB3721: The command "ml64.exe /c /nologo /Zi /Fo"x64\Debug\Proyect4.obj" /W3 /errorReport:prompt  /TaProyect4.asm" exited with code 1.
